[debug] [2024-08-17T08:07:01.819Z] ----------------------------------------------------------------------
[debug] [2024-08-17T08:07:01.825Z] Command:       D:\Program Files\NodeJS\node.exe C:\Users\Acer\AppData\Roaming\npm\node_modules\firebase-tools\lib\bin\firebase.js init
[debug] [2024-08-17T08:07:01.825Z] CLI Version:   13.15.2
[debug] [2024-08-17T08:07:01.826Z] Platform:      win32
[debug] [2024-08-17T08:07:01.826Z] Node Version:  v20.15.1
[debug] [2024-08-17T08:07:01.826Z] Time:          Sat Aug 17 2024 13:37:01 GMT+0530 (India Standard Time)
[debug] [2024-08-17T08:07:01.826Z] ----------------------------------------------------------------------
[debug] 
[debug] [2024-08-17T08:07:01.835Z] > command requires scopes: ["email","openid","https://www.googleapis.com/auth/cloudplatformprojects.readonly","https://www.googleapis.com/auth/firebase","https://www.googleapis.com/auth/cloud-platform"]
[debug] [2024-08-17T08:07:01.836Z] > authorizing via signed-in user (dbbdnaik27@gmail.com)
[info] 
     ######## #### ########  ######## ########     ###     ######  ########
     ##        ##  ##     ## ##       ##     ##  ##   ##  ##       ##
     ######    ##  ########  ######   ########  #########  ######  ######
     ##        ##  ##    ##  ##       ##     ## ##     ##       ## ##
     ##       #### ##     ## ######## ########  ##     ##  ######  ########

You're about to initialize a Firebase project in this directory:

  D:\Naik@27\Programs\Neokul\public

[info] 
=== Project Setup
[info] 
[info] First, let's associate this project directory with a Firebase project.
[info] You can create multiple project aliases by running firebase use --add, 
[info] but for now we'll just set up a default project.
[info] 
[debug] [2024-08-17T08:07:27.639Z] > refreshing access token with scopes: []
[debug] [2024-08-17T08:07:27.643Z] >>> [apiv2][query] POST https://www.googleapis.com/oauth2/v3/token [none]
[debug] [2024-08-17T08:07:27.644Z] >>> [apiv2][body] POST https://www.googleapis.com/oauth2/v3/token [omitted]
[debug] [2024-08-17T08:07:31.125Z] <<< [apiv2][status] POST https://www.googleapis.com/oauth2/v3/token 200
[debug] [2024-08-17T08:07:31.125Z] <<< [apiv2][body] POST https://www.googleapis.com/oauth2/v3/token [omitted]
[debug] [2024-08-17T08:07:31.147Z] >>> [apiv2][query] GET https://firebase.googleapis.com/v1beta1/projects pageSize=100
[debug] [2024-08-17T08:07:31.816Z] <<< [apiv2][status] GET https://firebase.googleapis.com/v1beta1/projects 200
[debug] [2024-08-17T08:07:31.816Z] <<< [apiv2][body] GET https://firebase.googleapis.com/v1beta1/projects [omitted]
[info] i  Using project my-portfolio-e3937 (my-portfolio) 
[info] 
=== Hosting Setup
[debug] [2024-08-17T08:07:39.085Z] >>> [apiv2][query] GET https://firebase.googleapis.com/v1beta1/projects/my-portfolio-e3937 [none]
[debug] [2024-08-17T08:07:39.557Z] <<< [apiv2][status] GET https://firebase.googleapis.com/v1beta1/projects/my-portfolio-e3937 200
[debug] [2024-08-17T08:07:39.558Z] <<< [apiv2][body] GET https://firebase.googleapis.com/v1beta1/projects/my-portfolio-e3937 {"projectId":"my-portfolio-e3937","projectNumber":"200689755020","displayName":"my-portfolio","name":"projects/my-portfolio-e3937","resources":{"hostingSite":"my-portfolio-e3937"},"state":"ACTIVE","etag":"1_a0990f32-09f9-4b72-8ea8-45c28b8f914d"}
[info] 
[info] Your public directory is the folder (relative to your project directory) that
[info] will contain Hosting assets to be uploaded with firebase deploy. If you
[info] have a build process for your assets, use your build's output directory.
[info] 
